TN:
SF:src\types.ts
FNF:0
FNH:0
LF:0
LH:0
BRF:0
BRH:0
end_of_record
TN:
SF:src\components\TaskCard.tsx
FN:10,TaskCard
FN:10,(anonymous_1)
FN:28,(anonymous_2)
FNF:3
FNH:2
FNDA:10,TaskCard
FNDA:0,(anonymous_1)
FNDA:1,(anonymous_2)
DA:12,10
DA:15,10
DA:28,1
LF:3
LH:3
BRDA:10,0,0,0
BRDA:12,1,0,10
BRDA:12,1,1,10
BRDA:22,2,0,2
BRDA:22,2,1,8
BRF:5
BRH:4
end_of_record
TN:
SF:src\components\TaskForm.tsx
FN:8,TaskForm
FN:11,(anonymous_1)
FNF:2
FNH:2
FNDA:10,TaskForm
FNDA:3,(anonymous_1)
DA:9,10
DA:11,10
DA:12,3
DA:14,3
DA:15,1
DA:18,2
DA:19,2
DA:22,10
LF:8
LH:8
BRDA:14,0,0,1
BRDA:14,0,1,2
BRDA:36,1,0,10
BRDA:36,1,1,7
BRF:4
BRH:4
end_of_record
TN:
SF:src\components\TaskList.tsx
FN:11,TaskList
FN:11,(anonymous_1)
FN:30,(anonymous_2)
FN:31,(anonymous_3)
FNF:4
FNH:3
FNDA:3,TaskList
FNDA:0,(anonymous_1)
FNDA:5,(anonymous_2)
FNDA:3,(anonymous_3)
DA:12,3
DA:13,1
DA:20,2
DA:30,5
DA:32,3
LF:5
LH:5
BRDA:11,0,0,3
BRDA:12,1,0,1
BRDA:12,1,1,2
BRDA:23,2,0,1
BRDA:23,2,1,1
BRF:5
BRH:5
end_of_record
TN:
SF:src\hooks\useCounter.ts
FN:3,useCounter
FN:6,(anonymous_1)
FN:6,(anonymous_2)
FN:7,(anonymous_3)
FN:7,(anonymous_4)
FN:8,(anonymous_5)
FNF:6
FNH:6
FNDA:9,useCounter
FNDA:8,(anonymous_1)
FNDA:8,(anonymous_2)
FNDA:3,(anonymous_3)
FNDA:3,(anonymous_4)
FNDA:1,(anonymous_5)
DA:4,9
DA:6,9
DA:7,9
DA:8,9
DA:10,9
LF:5
LH:5
BRDA:3,0,0,6
BRF:1
BRH:1
end_of_record
TN:
SF:src\hooks\useCreateTask.ts
FN:4,useCreateTask
FN:7,(anonymous_1)
FNF:2
FNH:2
FNDA:2,useCreateTask
FNDA:1,(anonymous_1)
DA:5,2
DA:7,2
DA:8,1
DA:9,1
DA:10,1
DA:11,1
DA:13,0
DA:17,2
LF:8
LH:7
BRF:0
BRH:0
end_of_record
TN:
SF:src\hooks\useTaskList.ts
FN:4,useTaskList
FN:8,(anonymous_1)
FN:19,(anonymous_2)
FN:22,(anonymous_3)
FN:23,(anonymous_4)
FN:23,(anonymous_5)
FNF:6
FNH:6
FNDA:8,useTaskList
FNDA:5,(anonymous_1)
FNDA:5,(anonymous_2)
FNDA:2,(anonymous_3)
FNDA:2,(anonymous_4)
FNDA:3,(anonymous_5)
DA:5,8
DA:6,8
DA:8,8
DA:9,5
DA:10,0
DA:11,0
DA:13,5
DA:14,5
DA:19,5
DA:22,8
DA:23,3
DA:26,8
DA:28,8
LF:13
LH:11
BRDA:4,0,0,4
BRDA:9,1,0,0
BRDA:9,1,1,5
BRF:3
BRH:2
end_of_record
TN:
SF:src\schemas\taskSchema.ts
FNF:0
FNH:0
DA:3,1
DA:10,1
LF:2
LH:2
BRF:0
BRH:0
end_of_record
TN:
SF:src\screens\CreateTaskScreen.tsx
FN:7,CreateTaskScreen
FNF:1
FNH:1
FNDA:2,CreateTaskScreen
DA:8,2
DA:9,2
DA:11,2
LF:3
LH:3
BRDA:18,0,0,2
BRDA:18,0,1,1
BRDA:23,1,0,2
BRDA:23,1,1,0
BRF:4
BRH:3
end_of_record
TN:
SF:src\services\taskService.ts
FN:5,fetchTasks
FN:11,createTask
FNF:2
FNH:1
FNDA:0,fetchTasks
FNDA:1,createTask
DA:3,1
DA:6,0
DA:7,0
DA:8,0
DA:14,1
LF:5
LH:2
BRDA:7,0,0,0
BRDA:7,0,1,0
BRF:2
BRH:0
end_of_record
TN:
SF:src\utils\filterTasks.ts
FN:7,filterTasksByStatus
FN:12,(anonymous_1)
FNF:2
FNH:2
FNDA:8,filterTasksByStatus
FNDA:14,(anonymous_1)
DA:5,2
DA:8,8
DA:9,2
DA:11,6
DA:12,14
LF:5
LH:5
BRDA:8,0,0,2
BRDA:8,0,1,6
BRDA:11,1,0,1
BRDA:11,1,1,5
BRF:4
BRH:4
end_of_record
TN:
SF:src\utils\validateTask.ts
FN:1,validateTaskTitle
FNF:1
FNH:1
FNDA:11,validateTaskTitle
DA:2,11
DA:3,4
DA:5,7
DA:6,1
DA:8,6
DA:9,2
DA:11,4
LF:7
LH:7
BRDA:2,0,0,4
BRDA:2,0,1,7
BRDA:2,1,0,11
BRDA:2,1,1,8
BRDA:5,2,0,1
BRDA:5,2,1,6
BRDA:8,3,0,2
BRDA:8,3,1,4
BRF:8
BRH:8
end_of_record
